<?xml version="1.0" encoding="UTF-8"?>
<testsuite xmlns:xsi="http://www.w3.org/2001/XMLSchema-instance" xsi:noNamespaceSchemaLocation="https://maven.apache.org/surefire/maven-surefire-plugin/xsd/surefire-test-report-3.0.xsd" version="3.0" name="com.example.Projeto_Calculadora_RaioX.ProjetoCalculadoraRaioXApplicationTests" time="8.142" tests="1" errors="0" skipped="0" failures="0">
  <properties>
[...]
</properties>
  <testcase name="contextLoads" classname="com.example.Projeto_Calculadora_RaioX.ProjetoCalculadoraRaioXApplicationTests" time="0.352">
    <system-out><![CDATA[12:07:45.006 [main] INFO org.springframework.test.context.support.AnnotationConfigContextLoaderUtils -- Could not detect default configuration classes for test class [com.example.Projeto_Calculadora_RaioX.ProjetoCalculadoraRaioXApplicationTests]: ProjetoCalculadoraRaioXApplicationTests does not declare any static, non-private, non-final, nested classes annotated with @Configuration.
12:07:45.092 [main] INFO org.springframework.boot.test.context.SpringBootTestContextBootstrapper -- Found @SpringBootConfiguration com.example.Projeto_Calculadora_RaioX.ProjetoCalculadoraRaioXApplication for test class com.example.Projeto_Calculadora_RaioX.ProjetoCalculadoraRaioXApplicationTests
12:07:45.225 [main] INFO org.springframework.boot.devtools.restart.RestartApplicationListener -- Restart disabled due to context in which it is running
  .   ____          _            __ _ _
 /\\ / ___'_ __ _ _(_)_ __  __ _ \ \ \ \
( ( )\___ | '_ | '_| | '_ \/ _` | \ \ \ \
 \\/  ___)| |_)| | | | | || (_| |  ) ) ) )
  '  |____| .__|_| |_|_| |_\__, | / / / /
 =========|_|==============|___/=/_/_/_/

 :: Spring Boot ::                (v3.3.0)

30-06-2024 12:07:45 - Starting ProjetoCalculadoraRaioXApplicationTests using Java 22.0.1 with PID 12384 (started by Jefferson Junior in C:\src\Projeto-Calculadora-RaioX\Projeto_Calculadora_RaioX)
30-06-2024 12:07:45 - No active profile set, falling back to 1 default profile: "default"
30-06-2024 12:07:45 - Refreshing org.springframework.web.context.support.GenericWebApplicationContext@c1a4620
30-06-2024 12:07:45 - Bootstrapping Spring Data JPA repositories in DEFAULT mode.
30-06-2024 12:07:46 - Finished Spring Data repository scanning in 22 ms. Found 2 JPA repository interfaces.
30-06-2024 12:07:46 - HHH000204: Processing PersistenceUnitInfo [name: default]
30-06-2024 12:07:47 - HHH000412: Hibernate ORM core version 6.5.2.Final
30-06-2024 12:07:47 - HHH000026: Second-level cache disabled
30-06-2024 12:07:47 - No LoadTimeWeaver setup: ignoring JPA class transformer
30-06-2024 12:07:47 - HikariPool-1 - Starting...
30-06-2024 12:07:49 - HikariPool-1 - Added connection com.mysql.cj.jdbc.ConnectionImpl@17a77a7e
30-06-2024 12:07:49 - HikariPool-1 - Start completed.
30-06-2024 12:07:49 - HHH90000025: MySQL8Dialect does not need to be specified explicitly using 'hibernate.dialect' (remove the property setting and it will be selected by default)
30-06-2024 12:07:49 - HHH90000026: MySQL8Dialect has been deprecated; use org.hibernate.dialect.MySQLDialect instead
30-06-2024 12:07:50 - HHH000489: No JTA platform available (set 'hibernate.transaction.jta.platform' to enable JTA platform integration)
30-06-2024 12:07:50 - Initialized JPA EntityManagerFactory for persistence unit 'default'
30-06-2024 12:07:51 - spring.jpa.open-in-view is enabled by default. Therefore, database queries may be performed during view rendering. Explicitly configure spring.jpa.open-in-view to disable this warning
30-06-2024 12:07:51 - Global AuthenticationManager configured with AuthenticationProvider bean with name authenticationProvider
30-06-2024 12:07:51 - Global AuthenticationManager configured with an AuthenticationProvider bean. UserDetailsService beans will not be used for username/password login. Consider removing the AuthenticationProvider bean. Alternatively, consider using the UserDetailsService in a manually instantiated DaoAuthenticationProvider.
30-06-2024 12:07:51 - 13 mappings in 'requestMappingHandlerMapping'
30-06-2024 12:07:51 - Patterns [/, /home, /register, /login] in 'viewControllerHandlerMapping'
30-06-2024 12:07:51 - Patterns [/webjars/**, /**] in 'resourceHandlerMapping'
30-06-2024 12:07:51 - Exposing 16 endpoints beneath base path '/actuator'
30-06-2024 12:07:51 - Will secure any request with [org.springframework.security.web.session.DisableEncodeUrlFilter@41fbe8c0, org.springframework.security.web.context.request.async.WebAsyncManagerIntegrationFilter@1e8fd198, org.springframework.security.web.context.SecurityContextHolderFilter@698e2cba, org.springframework.security.web.header.HeaderWriterFilter@672710d5, org.springframework.web.filter.CorsFilter@4f75c627, org.springframework.security.web.csrf.CsrfFilter@36c763cd, org.springframework.security.web.authentication.logout.LogoutFilter@6cd31e5f, org.springframework.security.web.authentication.UsernamePasswordAuthenticationFilter@70028163, org.springframework.security.web.savedrequest.RequestCacheAwareFilter@5b076d23, org.springframework.security.web.servletapi.SecurityContextHolderAwareRequestFilter@140e003e, org.springframework.security.web.authentication.AnonymousAuthenticationFilter@1631a614, org.springframework.security.web.access.ExceptionTranslationFilter@74ee07e, org.springframework.security.web.access.intercept.AuthorizationFilter@68ecc60e]
30-06-2024 12:07:51 - ControllerAdvice beans: 0 @ModelAttribute, 0 @InitBinder, 1 RequestBodyAdvice, 1 ResponseBodyAdvice
30-06-2024 12:07:51 - ControllerAdvice beans: 0 @ExceptionHandler, 1 ResponseBodyAdvice
30-06-2024 12:07:52 - Started ProjetoCalculadoraRaioXApplicationTests in 6.953 seconds (process running for 7.722)
DataLoader is running
Hibernate: 
    /* <criteria> */ select
        u1_0.id,
        u1_0.password,
        u1_0.roles,
        u1_0.username 
    from
        users u1_0 
    where
        u1_0.username=?
]]></system-out>
    <system-err><![CDATA[WARNING: A Java agent has been loaded dynamically (C:\Users\Jefferson Junior\.m2\repository\net\bytebuddy\byte-buddy-agent\1.14.16\byte-buddy-agent-1.14.16.jar)
WARNING: If a serviceability tool is in use, please run with -XX:+EnableDynamicAgentLoading to hide this warning
WARNING: If a serviceability tool is not in use, please run with -Djdk.instrument.traceUsage for more information
WARNING: Dynamic loading of agents will be disallowed by default in a future release
]]></system-err>
  </testcase>
</testsuite>